Apache Maven 3.2.5 (12a6b3acb947671f09b81f49094c53f426d8cea1; 2014-12-14T12:29:23-05:00)
Maven home: C:\maven\maven325
Java version: 1.8.0_40, vendor: Oracle Corporation
Java home: C:\Java\jdk1.8\jre
Default locale: en_US, platform encoding: Cp1252
OS name: "windows 7", version: "6.1", arch: "amd64", family: "dos"
[INFO] Error stacktraces are turned on.
[DEBUG] Reading global settings from C:\maven\maven325\conf\settings.xml
[DEBUG] Reading user settings from C:\Users\mgainty\.m2\settings.xml
[DEBUG] Using local repository at C:\Users\mgainty\.m2\repository
[DEBUG] Using manager EnhancedLocalRepositoryManager with priority 10.0 for C:\Users\mgainty\.m2\repository
[INFO] Scanning for projects...
[DEBUG] Dependency collection stats: {ConflictMarker.analyzeTime=0, ConflictMarker.markTime=0, ConflictMarker.nodeCount=4, ConflictIdSorter.graphTime=0, ConflictIdSorter.topsortTime=0, ConflictIdSorter.conflictIdCount=3, ConflictIdSorter.conflictIdCycleCount=0, ConflictResolver.totalTime=10, ConflictResolver.conflictItemCount=4, DefaultDependencyCollector.collectTime=50, DefaultDependencyCollector.transformTime=20}
[DEBUG] org.apache.maven.wagon:wagon-ssh-external:jar:1.0-alpha-5:
[DEBUG]    org.codehaus.plexus:plexus-utils:jar:1.0.4:compile
[DEBUG]    org.apache.maven.wagon:wagon-provider-api:jar:1.0-alpha-5:compile
[DEBUG] Created new class realm maven.api
[DEBUG] Importing foreign packages into class realm maven.api
[DEBUG]   Imported: org.apache.maven.cli < plexus.core
[DEBUG]   Imported: org.eclipse.aether.internal.impl < plexus.core
[DEBUG]   Imported: org.codehaus.plexus.lifecycle < plexus.core
[DEBUG]   Imported: org.apache.maven.lifecycle < plexus.core
[DEBUG]   Imported: org.apache.maven.repository < plexus.core
[DEBUG]   Imported: org.codehaus.plexus.personality < plexus.core
[DEBUG]   Imported: org.apache.maven.usability < plexus.core
[DEBUG]   Imported: org.codehaus.plexus.configuration < plexus.core
[DEBUG]   Imported: javax.enterprise.inject.* < plexus.core
[DEBUG]   Imported: org.apache.maven.* < plexus.core
[DEBUG]   Imported: org.apache.maven.project < plexus.core
[DEBUG]   Imported: org.apache.maven.exception < plexus.core
[DEBUG]   Imported: org.eclipse.aether.spi < plexus.core
[DEBUG]   Imported: org.apache.maven.plugin < plexus.core
[DEBUG]   Imported: org.eclipse.aether.collection < plexus.core
[DEBUG]   Imported: org.codehaus.plexus.* < plexus.core
[DEBUG]   Imported: org.codehaus.plexus.logging < plexus.core
[DEBUG]   Imported: org.apache.maven.profiles < plexus.core
[DEBUG]   Imported: org.eclipse.aether.transfer < plexus.core
[DEBUG]   Imported: org.codehaus.plexus.util.xml.pull.XmlPullParserException < plexus.core
[DEBUG]   Imported: org.apache.maven.execution.scope < plexus.core
[DEBUG]   Imported: org.apache.maven.wagon.* < plexus.core
[DEBUG]   Imported: org.apache.maven.rtinfo < plexus.core
[DEBUG]   Imported: org.eclipse.aether.impl < plexus.core
[DEBUG]   Imported: org.apache.maven.monitor < plexus.core
[DEBUG]   Imported: org.eclipse.aether.graph < plexus.core
[DEBUG]   Imported: org.eclipse.aether.metadata < plexus.core
[DEBUG]   Imported: org.codehaus.plexus.context < plexus.core
[DEBUG]   Imported: org.apache.maven.wagon.observers < plexus.core
[DEBUG]   Imported: org.apache.maven.wagon.resource < plexus.core
[DEBUG]   Imported: javax.inject.* < plexus.core
[DEBUG]   Imported: org.apache.maven.model < plexus.core
[DEBUG]   Imported: org.codehaus.plexus.util.xml.Xpp3Dom < plexus.core
[DEBUG]   Imported: org.eclipse.aether.deployment < plexus.core
[DEBUG]   Imported: org.apache.maven.artifact < plexus.core
[DEBUG]   Imported: org.apache.maven.toolchain < plexus.core
[DEBUG]   Imported: org.eclipse.aether.resolution < plexus.core
[DEBUG]   Imported: org.codehaus.plexus.util.xml.pull.XmlSerializer < plexus.core
[DEBUG]   Imported: org.apache.maven.settings < plexus.core
[DEBUG]   Imported: org.apache.maven.wagon.authorization < plexus.core
[DEBUG]   Imported: org.apache.maven.wagon.events < plexus.core
[DEBUG]   Imported: org.apache.maven.wagon.authentication < plexus.core
[DEBUG]   Imported: org.apache.maven.reporting < plexus.core
[DEBUG]   Imported: org.eclipse.aether.repository < plexus.core
[DEBUG]   Imported: org.slf4j.* < plexus.core
[DEBUG]   Imported: org.apache.maven.wagon.repository < plexus.core
[DEBUG]   Imported: javax.enterprise.util.* < plexus.core
[DEBUG]   Imported: org.apache.maven.configuration < plexus.core
[DEBUG]   Imported: org.codehaus.plexus.classworlds < plexus.core
[DEBUG]   Imported: org.codehaus.classworlds < plexus.core
[DEBUG]   Imported: org.codehaus.plexus.util.xml.pull.XmlPullParser < plexus.core
[DEBUG]   Imported: org.apache.maven.classrealm < plexus.core
[DEBUG]   Imported: org.eclipse.aether.* < plexus.core
[DEBUG]   Imported: org.eclipse.aether.artifact < plexus.core
[DEBUG]   Imported: org.apache.maven.execution < plexus.core
[DEBUG]   Imported: org.apache.maven.wagon.proxy < plexus.core
[DEBUG]   Imported: org.codehaus.plexus.container < plexus.core
[DEBUG]   Imported: org.eclipse.aether.version < plexus.core
[DEBUG]   Imported: org.eclipse.aether.installation < plexus.core
[DEBUG]   Imported: org.codehaus.plexus.component < plexus.core
[DEBUG] Populating class realm maven.api
[DEBUG] Created new class realm extension>org.apache.maven.wagon:wagon-ssh-external:1.0-alpha-5
[DEBUG] Importing foreign packages into class realm extension>org.apache.maven.wagon:wagon-ssh-external:1.0-alpha-5
[DEBUG]   Imported:  < maven.api
[DEBUG] Populating class realm extension>org.apache.maven.wagon:wagon-ssh-external:1.0-alpha-5
[DEBUG]   Included: org.apache.maven.wagon:wagon-ssh-external:jar:1.0-alpha-5
[DEBUG]   Included: org.codehaus.plexus:plexus-utils:jar:1.0.4
[DEBUG] Extension realms for project com.jcraft:jsch:jar:0.1.53: [ClassRealm[extension>org.apache.maven.wagon:wagon-ssh-external:1.0-alpha-5, parent: sun.misc.Launcher$AppClassLoader@5c647e05]]
[DEBUG] Created new class realm project>com.jcraft:jsch:0.1.53
[DEBUG] Populating class realm project>com.jcraft:jsch:0.1.53
[DEBUG]   Included: org.apache.maven.wagon:wagon-ssh-external:jar:1.0-alpha-5
[DEBUG] Looking up lifecyle mappings for packaging jar from ClassRealm[project>com.jcraft:jsch:0.1.53, parent: ClassRealm[maven.api, parent: null]]
[DEBUG] Extension realms for project org.sonatype.oss:oss-parent:pom:6: (none)
[DEBUG] Looking up lifecyle mappings for packaging pom from ClassRealm[plexus.core, parent: null]
[WARNING] 
[WARNING] Some problems were encountered while building the effective model for com.jcraft:jsch:jar:0.1.53
[WARNING] 'build.plugins.plugin.version' for org.apache.maven.plugins:maven-compiler-plugin is missing. @ line 69, column 15
[WARNING] 'build.plugins.plugin.version' for org.apache.maven.plugins:maven-source-plugin is missing. @ line 57, column 15
[WARNING] 
[WARNING] It is highly recommended to fix these problems because they threaten the stability of your build.
[WARNING] 
[WARNING] For this reason, future Maven versions might no longer support building such malformed projects.
[WARNING] 
[DEBUG] === REACTOR BUILD PLAN ================================================
[DEBUG] Project: com.jcraft:jsch:jar:0.1.53
[DEBUG] Tasks:   [compile]
[DEBUG] Style:   Regular
[DEBUG] =======================================================================
[INFO]                                                                         
[INFO] ------------------------------------------------------------------------
[INFO] Building JSch 0.1.53
[INFO] ------------------------------------------------------------------------
[DEBUG] Resolving plugin version for org.apache.maven.plugins:maven-source-plugin
[DEBUG] Could not find metadata org.apache.maven.plugins:maven-source-plugin/maven-metadata.xml in local (C:\Users\mgainty\.m2\repository)
[DEBUG] Resolved plugin version for org.apache.maven.plugins:maven-source-plugin to 2.4 from repository central (https://repo.maven.apache.org/maven2, default, releases)
[DEBUG] Lifecycle default -> [validate, initialize, generate-sources, process-sources, generate-resources, process-resources, compile, process-classes, generate-test-sources, process-test-sources, generate-test-resources, process-test-resources, test-compile, process-test-classes, test, prepare-package, package, pre-integration-test, integration-test, post-integration-test, verify, install, deploy]
[DEBUG] Lifecycle clean -> [pre-clean, clean, post-clean]
[DEBUG] Lifecycle site -> [pre-site, site, post-site, site-deploy]
[DEBUG] Lifecycle default -> [validate, initialize, generate-sources, process-sources, generate-resources, process-resources, compile, process-classes, generate-test-sources, process-test-sources, generate-test-resources, process-test-resources, test-compile, process-test-classes, test, prepare-package, package, pre-integration-test, integration-test, post-integration-test, verify, install, deploy]
[DEBUG] Lifecycle clean -> [pre-clean, clean, post-clean]
[DEBUG] Lifecycle site -> [pre-site, site, post-site, site-deploy]
[DEBUG] Lifecycle default -> [validate, initialize, generate-sources, process-sources, generate-resources, process-resources, compile, process-classes, generate-test-sources, process-test-sources, generate-test-resources, process-test-resources, test-compile, process-test-classes, test, prepare-package, package, pre-integration-test, integration-test, post-integration-test, verify, install, deploy]
[DEBUG] Lifecycle clean -> [pre-clean, clean, post-clean]
[DEBUG] Lifecycle site -> [pre-site, site, post-site, site-deploy]
[DEBUG] Lifecycle default -> [validate, initialize, generate-sources, process-sources, generate-resources, process-resources, compile, process-classes, generate-test-sources, process-test-sources, generate-test-resources, process-test-resources, test-compile, process-test-classes, test, prepare-package, package, pre-integration-test, integration-test, post-integration-test, verify, install, deploy]
[DEBUG] Lifecycle clean -> [pre-clean, clean, post-clean]
[DEBUG] Lifecycle site -> [pre-site, site, post-site, site-deploy]
[DEBUG] === PROJECT BUILD PLAN ================================================
[DEBUG] Project:       com.jcraft:jsch:0.1.53
[DEBUG] Dependencies (collect): []
[DEBUG] Dependencies (resolve): [compile, test]
[DEBUG] Repositories (dependencies): [sonatype-nexus-snapshots (https://oss.sonatype.org/content/repositories/snapshots, default, snapshots), central (https://repo.maven.apache.org/maven2, default, releases)]
[DEBUG] Repositories (plugins)     : [central (https://repo.maven.apache.org/maven2, default, releases)]
[DEBUG] -----------------------------------------------------------------------
[DEBUG] Goal:          org.apache.maven.plugins:maven-enforcer-plugin:1.0-beta-1:enforce (enforce-maven)
[DEBUG] Style:         Regular
[DEBUG] Configuration: <?xml version="1.0" encoding="UTF-8"?>
<configuration>
  <fail default-value="true">${enforcer.fail}</fail>
  <failFast default-value="false">${enforcer.failFast}</failFast>
  <ignoreCache default-value="false">${enforcer.ignoreCache}</ignoreCache>
  <project>${project}</project>
  <rules>
    <requireMavenVersion>
      <version>(,2.1.0),(2.1.0,2.2.0),(2.2.0,)</version>
      <message>Maven 2.1.0 and 2.2.0 produce incorrect GPG signatures and checksums respectively.</message>
    </requireMavenVersion>
  </rules>
  <session>${session}</session>
  <skip default-value="false">${enforcer.skip}</skip>
</configuration>
[DEBUG] -----------------------------------------------------------------------
[DEBUG] Goal:          org.apache.maven.plugins:maven-resources-plugin:2.6:resources (default-resources)
[DEBUG] Style:         Regular
[DEBUG] Configuration: <?xml version="1.0" encoding="UTF-8"?>
<configuration>
  <buildFilters default-value="${project.build.filters}"/>
  <encoding default-value="${project.build.sourceEncoding}">${encoding}</encoding>
  <escapeString>${maven.resources.escapeString}</escapeString>
  <escapeWindowsPaths default-value="true">${maven.resources.escapeWindowsPaths}</escapeWindowsPaths>
  <includeEmptyDirs default-value="false">${maven.resources.includeEmptyDirs}</includeEmptyDirs>
  <outputDirectory default-value="${project.build.outputDirectory}"/>
  <overwrite default-value="false">${maven.resources.overwrite}</overwrite>
  <project default-value="${project}"/>
  <resources default-value="${project.resources}"/>
  <session default-value="${session}"/>
  <supportMultiLineFiltering default-value="false">${maven.resources.supportMultiLineFiltering}</supportMultiLineFiltering>
  <useBuildFilters default-value="true"/>
  <useDefaultDelimiters default-value="true"/>
</configuration>
[DEBUG] -----------------------------------------------------------------------
[DEBUG] Goal:          org.apache.maven.plugins:maven-compiler-plugin:3.1:compile (default-compile)
[DEBUG] Style:         Regular
[DEBUG] Configuration: <?xml version="1.0" encoding="UTF-8"?>
<configuration>
  <basedir default-value="${basedir}"/>
  <buildDirectory default-value="${project.build.directory}"/>
  <classpathElements default-value="${project.compileClasspathElements}"/>
  <compileSourceRoots default-value="${project.compileSourceRoots}"/>
  <compilerId default-value="javac">${maven.compiler.compilerId}</compilerId>
  <compilerReuseStrategy default-value="${reuseCreated}">${maven.compiler.compilerReuseStrategy}</compilerReuseStrategy>
  <compilerVersion>${maven.compiler.compilerVersion}</compilerVersion>
  <debug default-value="true">${maven.compiler.debug}</debug>
  <debuglevel>${maven.compiler.debuglevel}</debuglevel>
  <encoding default-value="${project.build.sourceEncoding}">${encoding}</encoding>
  <executable>${maven.compiler.executable}</executable>
  <failOnError default-value="true">${maven.compiler.failOnError}</failOnError>
  <forceJavacCompilerUse default-value="false">${maven.compiler.forceJavacCompilerUse}</forceJavacCompilerUse>
  <fork default-value="false">${maven.compiler.fork}</fork>
  <generatedSourcesDirectory default-value="${project.build.directory}/generated-sources/annotations"/>
  <maxmem>${maven.compiler.maxmem}</maxmem>
  <meminitial>${maven.compiler.meminitial}</meminitial>
  <mojoExecution>${mojoExecution}</mojoExecution>
  <optimize default-value="false">${maven.compiler.optimize}</optimize>
  <outputDirectory default-value="${project.build.outputDirectory}"/>
  <projectArtifact default-value="${project.artifact}"/>
  <showDeprecation default-value="false">${maven.compiler.showDeprecation}</showDeprecation>
  <showWarnings default-value="false">${maven.compiler.showWarnings}</showWarnings>
  <skipMain>${maven.main.skip}</skipMain>
  <skipMultiThreadWarning default-value="false">${maven.compiler.skipMultiThreadWarning}</skipMultiThreadWarning>
  <source default-value="1.5">${maven.compiler.source}</source>
  <staleMillis default-value="0">${lastModGranularityMs}</staleMillis>
  <target default-value="1.5">1.5</target>
  <useIncrementalCompilation default-value="true">${maven.compiler.useIncrementalCompilation}</useIncrementalCompilation>
  <verbose default-value="false">${maven.compiler.verbose}</verbose>
  <mavenSession default-value="${session}"/>
  <session default-value="${session}"/>
</configuration>
[DEBUG] =======================================================================
[DEBUG] Dependency collection stats: {ConflictMarker.analyzeTime=0, ConflictMarker.markTime=2, ConflictMarker.nodeCount=5, ConflictIdSorter.graphTime=0, ConflictIdSorter.topsortTime=0, ConflictIdSorter.conflictIdCount=4, ConflictIdSorter.conflictIdCycleCount=0, ConflictResolver.totalTime=0, ConflictResolver.conflictItemCount=4, DefaultDependencyCollector.collectTime=67, DefaultDependencyCollector.transformTime=2}
[DEBUG] com.jcraft:jsch:jar:0.1.53
[DEBUG]    org.apache.maven.plugin-tools:maven-plugin-annotations:jar:3.2:compile
[DEBUG]       org.apache.maven:maven-artifact:jar:3.0:compile
[DEBUG]          org.codehaus.plexus:plexus-utils:jar:2.0.4:compile
[DEBUG]    com.jcraft:jzlib:jar:1.0.7:compile
[INFO] 
[INFO] --- maven-enforcer-plugin:1.0-beta-1:enforce (enforce-maven) @ jsch ---
[DEBUG] Dependency collection stats: {ConflictMarker.analyzeTime=0, ConflictMarker.markTime=0, ConflictMarker.nodeCount=93, ConflictIdSorter.graphTime=10, ConflictIdSorter.topsortTime=0, ConflictIdSorter.conflictIdCount=36, ConflictIdSorter.conflictIdCycleCount=0, ConflictResolver.totalTime=0, ConflictResolver.conflictItemCount=86, DefaultDependencyCollector.collectTime=380, DefaultDependencyCollector.transformTime=10}
[DEBUG] org.apache.maven.plugins:maven-enforcer-plugin:jar:1.0-beta-1:
[DEBUG]    org.apache.maven:maven-artifact:jar:2.0.9:compile
[DEBUG]    org.apache.maven:maven-plugin-api:jar:2.0.9:compile
[DEBUG]    org.apache.maven:maven-project:jar:2.0.9:compile
[DEBUG]       org.apache.maven:maven-settings:jar:2.0.9:compile
[DEBUG]       org.apache.maven:maven-profile:jar:2.0.9:compile
[DEBUG]       org.apache.maven:maven-model:jar:2.0.9:compile
[DEBUG]       org.apache.maven:maven-artifact-manager:jar:2.0.9:compile
[DEBUG]       org.apache.maven:maven-plugin-registry:jar:2.0.9:compile
[DEBUG]       org.codehaus.plexus:plexus-container-default:jar:1.0-alpha-9-stable-1:compile
[DEBUG]          junit:junit:jar:3.8.2:test
[DEBUG]    org.apache.maven:maven-core:jar:2.0.9:compile
[DEBUG]       org.apache.maven:maven-plugin-parameter-documenter:jar:2.0.9:compile
[DEBUG]       org.apache.maven.reporting:maven-reporting-api:jar:2.0.9:compile
[DEBUG]          org.apache.maven.doxia:doxia-core:jar:1.6:compile
[DEBUG]             org.apache.maven.doxia:doxia-logging-api:jar:1.6:compile
[DEBUG]             org.codehaus.plexus:plexus-component-annotations:jar:1.5.5:compile
[DEBUG]             org.apache.httpcomponents:httpclient:jar:4.0.2:compile
[DEBUG]                commons-logging:commons-logging:jar:1.1.1:compile
[DEBUG]                commons-codec:commons-codec:jar:1.3:compile
[DEBUG]             org.apache.httpcomponents:httpcore:jar:4.0.1:compile
[DEBUG]             xmlunit:xmlunit:jar:1.5:compile
[DEBUG]          org.apache.maven.doxia:doxia-sink-api:jar:1.6:compile
[DEBUG]       org.apache.maven:maven-repository-metadata:jar:2.0.9:compile
[DEBUG]       org.apache.maven:maven-error-diagnostics:jar:2.0.9:compile
[DEBUG]       commons-cli:commons-cli:jar:1.0:compile
[DEBUG]       org.apache.maven:maven-plugin-descriptor:jar:2.0.9:compile
[DEBUG]       org.codehaus.plexus:plexus-interactivity-api:jar:1.0-alpha-4:compile
[DEBUG]       org.apache.maven:maven-monitor:jar:2.0.9:compile
[DEBUG]       classworlds:classworlds:jar:1.1:compile
[DEBUG]    org.codehaus.plexus:plexus-utils:jar:1.5.8:compile
[DEBUG]    commons-lang:commons-lang:jar:2.3:compile
[DEBUG]    org.apache.maven.enforcer:enforcer-api:jar:1.0-beta-1:compile
[DEBUG]    org.apache.maven.enforcer:enforcer-rules:jar:1.0-beta-1:compile
[DEBUG]       org.beanshell:bsh:jar:2.0b4:compile
[DEBUG] Created new class realm plugin>org.apache.maven.plugins:maven-enforcer-plugin:1.0-beta-1
[DEBUG] Importing foreign packages into class realm plugin>org.apache.maven.plugins:maven-enforcer-plugin:1.0-beta-1
[DEBUG]   Imported:  < project>com.jcraft:jsch:0.1.53
[DEBUG] Populating class realm plugin>org.apache.maven.plugins:maven-enforcer-plugin:1.0-beta-1
[DEBUG]   Included: org.apache.maven.plugins:maven-enforcer-plugin:jar:1.0-beta-1
[DEBUG]   Included: org.apache.maven.reporting:maven-reporting-api:jar:2.0.9
[DEBUG]   Included: org.apache.maven.doxia:doxia-core:jar:1.6
[DEBUG]   Included: org.apache.maven.doxia:doxia-logging-api:jar:1.6
[DEBUG]   Included: org.codehaus.plexus:plexus-component-annotations:jar:1.5.5
[DEBUG]   Included: org.apache.httpcomponents:httpclient:jar:4.0.2
[DEBUG]   Included: commons-logging:commons-logging:jar:1.1.1
[DEBUG]   Included: commons-codec:commons-codec:jar:1.3
[DEBUG]   Included: org.apache.httpcomponents:httpcore:jar:4.0.1
[DEBUG]   Included: xmlunit:xmlunit:jar:1.5
[DEBUG]   Included: org.apache.maven.doxia:doxia-sink-api:jar:1.6
[DEBUG]   Included: commons-cli:commons-cli:jar:1.0
[DEBUG]   Included: org.codehaus.plexus:plexus-interactivity-api:jar:1.0-alpha-4
[DEBUG]   Included: org.codehaus.plexus:plexus-utils:jar:1.5.8
[DEBUG]   Included: commons-lang:commons-lang:jar:2.3
[DEBUG]   Included: org.apache.maven.enforcer:enforcer-api:jar:1.0-beta-1
[DEBUG]   Included: org.apache.maven.enforcer:enforcer-rules:jar:1.0-beta-1
[DEBUG]   Included: org.beanshell:bsh:jar:2.0b4
[DEBUG]   Excluded: org.apache.maven:maven-artifact:jar:2.0.9
[DEBUG]   Excluded: org.apache.maven:maven-plugin-api:jar:2.0.9
[DEBUG]   Excluded: org.apache.maven:maven-project:jar:2.0.9
[DEBUG]   Excluded: org.apache.maven:maven-settings:jar:2.0.9
[DEBUG]   Excluded: org.apache.maven:maven-profile:jar:2.0.9
[DEBUG]   Excluded: org.apache.maven:maven-model:jar:2.0.9
[DEBUG]   Excluded: org.apache.maven:maven-artifact-manager:jar:2.0.9
[DEBUG]   Excluded: org.apache.maven:maven-plugin-registry:jar:2.0.9
[DEBUG]   Excluded: org.codehaus.plexus:plexus-container-default:jar:1.0-alpha-9-stable-1
[DEBUG]   Excluded: junit:junit:jar:3.8.2
[DEBUG]   Excluded: org.apache.maven:maven-core:jar:2.0.9
[DEBUG]   Excluded: org.apache.maven:maven-plugin-parameter-documenter:jar:2.0.9
[DEBUG]   Excluded: org.apache.maven:maven-repository-metadata:jar:2.0.9
[DEBUG]   Excluded: org.apache.maven:maven-error-diagnostics:jar:2.0.9
[DEBUG]   Excluded: org.apache.maven:maven-plugin-descriptor:jar:2.0.9
[DEBUG]   Excluded: org.apache.maven:maven-monitor:jar:2.0.9
[DEBUG]   Excluded: classworlds:classworlds:jar:1.1
[DEBUG] Configuring mojo org.apache.maven.plugins:maven-enforcer-plugin:1.0-beta-1:enforce from plugin realm ClassRealm[plugin>org.apache.maven.plugins:maven-enforcer-plugin:1.0-beta-1, parent: sun.misc.Launcher$AppClassLoader@5c647e05]
[DEBUG] Configuring mojo 'org.apache.maven.plugins:maven-enforcer-plugin:1.0-beta-1:enforce' with basic configurator -->
[DEBUG]   (s) fail = true
[DEBUG]   (s) failFast = false
[DEBUG]   (f) ignoreCache = false
[DEBUG]   (s) project = MavenProject: com.jcraft:jsch:0.1.53 @ C:\Maven-plugin\jsch\pom.xml
[DEBUG]   (s) version = (,2.1.0),(2.1.0,2.2.0),(2.2.0,)
[DEBUG]   (f) message = Maven 2.1.0 and 2.2.0 produce incorrect GPG signatures and checksums respectively.
[DEBUG]   (s) rules = [org.apache.maven.plugins.enforcer.RequireMavenVersion@4fad94a7]
[DEBUG]   (s) session = org.apache.maven.execution.MavenSession@475835b1
[DEBUG]   (s) skip = false
[DEBUG] -- end configuration --
[DEBUG] Executing rule: org.apache.maven.plugins.enforcer.RequireMavenVersion
[DEBUG] Rule org.apache.maven.plugins.enforcer.RequireMavenVersion is cacheable.
[DEBUG] Detected Maven Version: 3.2.5
[DEBUG] Detected Maven Version: 3.2.5 is allowed in the range (,2.1.0),(2.1.0,2.2.0),(2.2.0,).
[INFO] 
[INFO] --- maven-resources-plugin:2.6:resources (default-resources) @ jsch ---
[DEBUG] Dependency collection stats: {ConflictMarker.analyzeTime=1, ConflictMarker.markTime=0, ConflictMarker.nodeCount=90, ConflictIdSorter.graphTime=1, ConflictIdSorter.topsortTime=0, ConflictIdSorter.conflictIdCount=32, ConflictIdSorter.conflictIdCycleCount=0, ConflictResolver.totalTime=3, ConflictResolver.conflictItemCount=76, DefaultDependencyCollector.collectTime=341, DefaultDependencyCollector.transformTime=5}
[DEBUG] org.apache.maven.plugins:maven-resources-plugin:jar:2.6:
[DEBUG]    org.apache.maven:maven-plugin-api:jar:2.0.6:compile
[DEBUG]    org.apache.maven:maven-project:jar:2.0.6:compile
[DEBUG]       org.apache.maven:maven-profile:jar:2.0.6:compile
[DEBUG]       org.apache.maven:maven-artifact-manager:jar:2.0.6:compile
[DEBUG]       org.apache.maven:maven-plugin-registry:jar:2.0.6:compile
[DEBUG]    org.apache.maven:maven-core:jar:2.0.6:compile
[DEBUG]       org.apache.maven:maven-plugin-parameter-documenter:jar:2.0.6:compile
[DEBUG]       org.apache.maven.reporting:maven-reporting-api:jar:2.0.6:compile
[DEBUG]          org.apache.maven.doxia:doxia-sink-api:jar:1.6:compile
[DEBUG]             org.apache.maven.doxia:doxia-logging-api:jar:1.6:compile
[DEBUG]       org.apache.maven:maven-repository-metadata:jar:2.0.6:compile
[DEBUG]       org.apache.maven:maven-error-diagnostics:jar:2.0.6:compile
[DEBUG]       commons-cli:commons-cli:jar:1.0:compile
[DEBUG]       org.apache.maven:maven-plugin-descriptor:jar:2.0.6:compile
[DEBUG]       org.codehaus.plexus:plexus-interactivity-api:jar:1.0-alpha-4:compile
[DEBUG]       classworlds:classworlds:jar:1.1:compile
[DEBUG]    org.apache.maven:maven-artifact:jar:2.0.6:compile
[DEBUG]    org.apache.maven:maven-settings:jar:2.0.6:compile
[DEBUG]    org.apache.maven:maven-model:jar:2.0.6:compile
[DEBUG]    org.apache.maven:maven-monitor:jar:2.0.6:compile
[DEBUG]    org.codehaus.plexus:plexus-container-default:jar:1.0-alpha-9-stable-1:compile
[DEBUG]       junit:junit:jar:3.8.1:compile
[DEBUG]    org.codehaus.plexus:plexus-utils:jar:2.0.5:compile
[DEBUG]    org.apache.maven.shared:maven-filtering:jar:1.1:compile
[DEBUG]       org.sonatype.plexus:plexus-build-api:jar:0.0.4:compile
[DEBUG]    org.codehaus.plexus:plexus-interpolation:jar:1.13:compile
[DEBUG] Created new class realm plugin>org.apache.maven.plugins:maven-resources-plugin:2.6
[DEBUG] Importing foreign packages into class realm plugin>org.apache.maven.plugins:maven-resources-plugin:2.6
[DEBUG]   Imported:  < project>com.jcraft:jsch:0.1.53
[DEBUG] Populating class realm plugin>org.apache.maven.plugins:maven-resources-plugin:2.6
[DEBUG]   Included: org.apache.maven.plugins:maven-resources-plugin:jar:2.6
[DEBUG]   Included: org.apache.maven.reporting:maven-reporting-api:jar:2.0.6
[DEBUG]   Included: org.apache.maven.doxia:doxia-sink-api:jar:1.6
[DEBUG]   Included: org.apache.maven.doxia:doxia-logging-api:jar:1.6
[DEBUG]   Included: commons-cli:commons-cli:jar:1.0
[DEBUG]   Included: org.codehaus.plexus:plexus-interactivity-api:jar:1.0-alpha-4
[DEBUG]   Included: junit:junit:jar:3.8.1
[DEBUG]   Included: org.codehaus.plexus:plexus-utils:jar:2.0.5
[DEBUG]   Included: org.apache.maven.shared:maven-filtering:jar:1.1
[DEBUG]   Included: org.sonatype.plexus:plexus-build-api:jar:0.0.4
[DEBUG]   Included: org.codehaus.plexus:plexus-interpolation:jar:1.13
[DEBUG]   Excluded: org.apache.maven:maven-plugin-api:jar:2.0.6
[DEBUG]   Excluded: org.apache.maven:maven-project:jar:2.0.6
[DEBUG]   Excluded: org.apache.maven:maven-profile:jar:2.0.6
[DEBUG]   Excluded: org.apache.maven:maven-artifact-manager:jar:2.0.6
[DEBUG]   Excluded: org.apache.maven:maven-plugin-registry:jar:2.0.6
[DEBUG]   Excluded: org.apache.maven:maven-core:jar:2.0.6
[DEBUG]   Excluded: org.apache.maven:maven-plugin-parameter-documenter:jar:2.0.6
[DEBUG]   Excluded: org.apache.maven:maven-repository-metadata:jar:2.0.6
[DEBUG]   Excluded: org.apache.maven:maven-error-diagnostics:jar:2.0.6
[DEBUG]   Excluded: org.apache.maven:maven-plugin-descriptor:jar:2.0.6
[DEBUG]   Excluded: classworlds:classworlds:jar:1.1
[DEBUG]   Excluded: org.apache.maven:maven-artifact:jar:2.0.6
[DEBUG]   Excluded: org.apache.maven:maven-settings:jar:2.0.6
[DEBUG]   Excluded: org.apache.maven:maven-model:jar:2.0.6
[DEBUG]   Excluded: org.apache.maven:maven-monitor:jar:2.0.6
[DEBUG]   Excluded: org.codehaus.plexus:plexus-container-default:jar:1.0-alpha-9-stable-1
[DEBUG] Configuring mojo org.apache.maven.plugins:maven-resources-plugin:2.6:resources from plugin realm ClassRealm[plugin>org.apache.maven.plugins:maven-resources-plugin:2.6, parent: sun.misc.Launcher$AppClassLoader@5c647e05]
[DEBUG] Configuring mojo 'org.apache.maven.plugins:maven-resources-plugin:2.6:resources' with basic configurator -->
[DEBUG]   (f) buildFilters = []
[DEBUG]   (f) encoding = UTF-8
[DEBUG]   (f) escapeWindowsPaths = true
[DEBUG]   (s) includeEmptyDirs = false
[DEBUG]   (s) outputDirectory = C:\Maven-plugin\jsch\target\classes
[DEBUG]   (s) overwrite = false
[DEBUG]   (f) project = MavenProject: com.jcraft:jsch:0.1.53 @ C:\Maven-plugin\jsch\pom.xml
[DEBUG]   (s) resources = [Resource {targetPath: null, filtering: false, FileSet {directory: C:\Maven-plugin\jsch\src\main\resources, PatternSet [includes: {}, excludes: {}]}}]
[DEBUG]   (f) session = org.apache.maven.execution.MavenSession@475835b1
[DEBUG]   (f) supportMultiLineFiltering = false
[DEBUG]   (f) useBuildFilters = true
[DEBUG]   (s) useDefaultDelimiters = true
[DEBUG] -- end configuration --
[DEBUG] properties used {file.encoding.pkg=sun.io, env.JPDA_TRANSPORT=dt_socket, env.PROMPT=$P$G, java.home=C:\Java\jdk1.8\jre, env.FLEX_HOME=C:\MAVEN-~1\FLEXCO~1\FLEX32~1.0\modules\player\FLASHP~1\avmglue\classes, env.TLF_HOME=C:\flex\flex4.14.1\flex-tlf, classworlds.conf=C:\maven\maven325\bin\m2.conf, java.endorsed.dirs=C:\Java\jdk1.8\jre\lib\endorsed, env.USERNAME=mgainty, env.ANDROID_SDK_ROOT=C:\Android\android-studio\sdk, sun.os.patch.level=Service Pack 1, java.vendor.url=http://java.oracle.com/, env.COMPUTERNAME=LOCALHOST, env.=C:=C:\Maven-plugin\jsch, java.version=1.8.0_40, env.ANDROID_HOME=C:\Android\android-studio\sdk\tools, java.vendor.url.bug=http://bugreport.sun.com/bugreport/, env.USERPROFILE=C:\Users\mgainty, env.GRADLE_USER_HOME=C:\gradle-1.12\gradle-2.3, env.JAVA_OPTS=-Xms256M -Xmx1024M, user.name=mgainty, sun.io.unicode.encoding=UnicodeLittle, sun.jnu.encoding=Cp1252, java.runtime.name=Java(TM) SE Runtime Environment, env.DOCKER_HOST=tcp://127.0.0.1:2375, env.LOCALAPPDATA=C:\Users\mgainty\AppData\Local, env.WINDOWS_TRACING_LOGFILE=C:\BVTBin\Tests\installpackage\csilogfile.log, env.COMMONPROGRAMW6432=C:\Program Files\Common Files, java.specification.name=Java Platform API Specification, user.timezone=America/New_York, user.script=, path.separator=;, env.MAVEN_CMD_LINE_ARGS=-e -X -o compile, env.PROCESSOR_IDENTIFIER=Intel64 Family 6 Model 55 Stepping 8, GenuineIntel, env.ORACLE_SID=XE, file.encoding=Cp1252, env.ORACLE_HOME=C:\ORACLE\PRODUCT\11.2.0\DBHOME_1, env.HOME=C:\Users\mgainty, env.RUBY_PATH=C:\Ruby\bin, sun.java.command=org.codehaus.plexus.classworlds.launcher.Launcher -e -X -o compile, env.NUMBER_OF_PROCESSORS=4, env.APPDATA=C:\Users\mgainty\AppData\Roaming, env.WINDIR=C:\Windows, java.io.tmpdir=C:\Users\mgainty\AppData\Local\Temp\, user.language=en, env.LOGDIR=C:\temp, line.separator=
, env.CATALINA_BASE=C:\Tomcat\apache-tomcat-8.0.23, env.COMMONPROGRAMFILES=C:\Program Files\Common Files, env.JAVA6_HOME=C:/Java/jdk16_32, env.KARAF_HOME=C:\Karaf\APACHE~1.1\data\cache, java.vm.info=mixed mode, sonatypeOssDistMgmtSnapshotsUrl=https://oss.sonatype.org/content/repositories/snapshots/, sun.desktop=windows, java.vm.specification.name=Java Virtual Machine Specification, env.M2_HOME=C:\maven\maven325, env.PATHEXT=.COM;.EXE;.BAT;.CMD;.VBS;.VBE;.JS;.JSE;.WSF;.WSH;.MSC;.PY, env.TOMCAT_HOME=C:\Tomcat\apache-tomcat-8.0.23, env.LOGONSERVER=\\LOCALHOST, env.PSMODULEPATH=C:\Windows\system32\WindowsPowerShell\v1.0\Modules\;c:\Program Files (x86)\Microsoft SQL Server\110\Tools\PowerShell\Modules\, java.awt.printerjob=sun.awt.windows.WPrinterJob, env.PUBLIC=C:\Users\Public, env.USERDOMAIN=localhost, env.PLAYERGLOBAL_HOME=C:\flex\FLEXSD~1.10\frameworks\libs\player\11.1, env.VBOX_MSI_INSTALL_PATH=C:\VirtualBox\, env.PROCESSOR_LEVEL=6, env.PROGRAMFILES(X86)=C:\Program Files (x86), env.=EXITCODE=00000001, os.name=Windows 7, java.specification.vendor=Oracle Corporation, env.AIR_HOME=C:\Adobe\Air, env.TMP=C:\Users\mgainty\AppData\Local\Temp, java.vm.name=Java HotSpot(TM) 64-Bit Server VM, env.OS=Windows_NT, java.library.path=C:\Java\jdk1.8\bin;C:\Windows\Sun\Java\bin;C:\Windows\system32;C:\Windows;C:\OpenSSL;C:\Axis\Axis2-1.6.2\modules\tool\script;C:\Axis\axis2-1.5\bin;C:\Svn\bin;C:\Grep;C:\cygwin;C:\nodejs\npm;C:\Git\msysgit\libexec\git-core;C:\Textpad\TextPad6;C:\ORACLE\PRODUCT\11.2.0\DBHOME_1\bin;C:\Oracle\SEEDDATA\bin;C:\ORACLE\DB2\bin;C:\Oracle\DB\bin;C:\oracle\product\11.2.0\dbhome_1\bin;C:\Java\jdk1.8\jre\bin;C:\Java\jdk1.8\bin;C:\gradle-1.12\gradle-2.3\bin;C:\cygwin\bin;C:\SVN\bin;C:\Ant\APACHE~1.2\bin;C:\Grep;C:\Java\jdk1.8\bin;C:\maven\maven325\bin;C:\Windows\system32;C:\GREP;C:\Textpad\Textpad6;C:\Program Files (x86)\Intel\TXE Components\TCS\;C:\Program Files\Intel\TXE Components\TCS\;C:\Windows;C:\Puppet\Puppet Enterprise\bin;C:\Puppet\Puppet Enterprise2\bin;C:\ProgramData\Oracle\Java\javapath;C:\Ruby\bin;C:\Android\android-studio\sdk\tools;%ANDROID_SDK_ROOT\platform-tools;C:\Android\android-studio\sdk\tools\lib\x86_6;C:\Adobe\Flex\bin;C:\Python\Python34\;C:\Python\Python34\Scripts;C:\PYTHON\3.3.2\;C:\PYTHON\3.4;C:\grep;C:\OpenSSL;C:\Git\msysgit\bin;C:\svn\bin;c:\Program Files (x86)\Microsoft SQL Server\110\Tools\Binn\;c:\Program Files (x86)\Microsoft SQL Server\110\DTS\Binn\;C:\StarTeam\Borland\StarTeam SDK 14.0\lib;C:\StarTeam\Borland\StarTeam SDK 14.0\bin;C:\nodejs;C:\Vagrant\bin;;C:\Users\mgainty\AppData\Roaming\npm;C:\Docker;., env.PROGRAMW6432=C:\Program Files, env.PATH=C:\OpenSSL;C:\Axis\Axis2-1.6.2\modules\tool\script;C:\Axis\axis2-1.5\bin;C:\Svn\bin;C:\Grep;C:\cygwin;C:\nodejs\npm;C:\Git\msysgit\libexec\git-core;C:\Textpad\TextPad6;C:\ORACLE\PRODUCT\11.2.0\DBHOME_1\bin;C:\Oracle\SEEDDATA\bin;C:\ORACLE\DB2\bin;C:\Oracle\DB\bin;C:\oracle\product\11.2.0\dbhome_1\bin;C:\Java\jdk1.8\jre\bin;C:\Java\jdk1.8\bin;C:\gradle-1.12\gradle-2.3\bin;C:\cygwin\bin;C:\SVN\bin;C:\Ant\APACHE~1.2\bin;C:\Grep;C:\Java\jdk1.8\bin;C:\maven\maven325\bin;C:\Windows\system32;C:\GREP;C:\Textpad\Textpad6;C:\Program Files (x86)\Intel\TXE Components\TCS\;C:\Program Files\Intel\TXE Components\TCS\;C:\Windows;C:\Puppet\Puppet Enterprise\bin;C:\Puppet\Puppet Enterprise2\bin;C:\ProgramData\Oracle\Java\javapath;C:\Ruby\bin;C:\Android\android-studio\sdk\tools;%ANDROID_SDK_ROOT\platform-tools;C:\Android\android-studio\sdk\tools\lib\x86_6;C:\Adobe\Flex\bin;C:\Python\Python34\;C:\Python\Python34\Scripts;C:\PYTHON\3.3.2\;C:\PYTHON\3.4;C:\grep;C:\OpenSSL;C:\Git\msysgit\bin;C:\svn\bin;c:\Program Files (x86)\Microsoft SQL Server\110\Tools\Binn\;c:\Program Files (x86)\Microsoft SQL Server\110\DTS\Binn\;C:\StarTeam\Borland\StarTeam SDK 14.0\lib;C:\StarTeam\Borland\StarTeam SDK 14.0\bin;C:\nodejs;C:\Vagrant\bin;;C:\Users\mgainty\AppData\Roaming\npm;C:\Docker, env.LIFERAY_HOME=C:\StarTeam\trunk\DEVELO~1\server\LIFERA~1.20-, env.PIXELBLENDER_HOME=C:\PROGRA~2\Adobe\ADOBEU~1\PIXELB~1\PIXELB~1, env.AXIS2_HOME=C:\Axis\axis2-1.5, java.class.version=52.0, env.TNS_ADMIN=C:\ORACLE\ORACLEXE\app\oracle\product\11.2.0\server\network\ADMIN, env.JBOSS_HOME=C:\Jboss\JBOSS-~1.201\JBOSS-~1.201, env.ORACLE_BASE=C:\ORACLE\ORACLEXE, env.HOMEDRIVE=C:, env.SYSTEMROOT=C:\Windows, env.COMSPEC=C:\Windows\system32\cmd.exe, sun.boot.library.path=C:\Java\jdk1.8\jre\bin, project.build.sourceEncoding=UTF-8, env.SYSTEMDRIVE=C:, env.JPDA_ADDRESS=8010, env.PROCESSOR_REVISION=3708, sun.management.compiler=HotSpot 64-Bit Tiered Compilers, java.awt.graphicsenv=sun.awt.Win32GraphicsEnvironment, user.variant=, env.JRE_HOME=C:\Java\jdk1.8\jre, env.PROGRAMFILES=C:\Program Files, java.vm.specification.version=1.8, env.MAVEN_JAVA_EXE="C:\Java\jdk1.8\bin\java.exe", env.PROGRAMDATA=C:\ProgramData, awt.toolkit=sun.awt.windows.WToolkit, sun.cpu.isalist=amd64, sun.stderr.encoding=cp437, java.ext.dirs=C:\Java\jdk1.8\jre\lib\ext;C:\Windows\Sun\Java\lib\ext, os.version=6.1, env.ERROR_CODE=0, user.home=C:\Users\mgainty, java.vm.vendor=Oracle Corporation, env.JAVA_HOME=C:\Java\jdk1.8, user.dir=C:\Maven-plugin\jsch, env.COMMONPROGRAMFILES(X86)=C:\Program Files (x86)\Common Files, env.FP_NO_HOST_CHECK=NO, sun.cpu.endian=little, env.ALLUSERSPROFILE=C:\ProgramData, env.CLASSWORLDS_LAUNCHER=org.codehaus.plexus.classworlds.launcher.Launcher, env.PROCESSOR_ARCHITECTURE=AMD64, java.vm.version=25.40-b25, java.class.path=C:\maven\maven325\boot\plexus-classworlds-2.5.2.jar, org.slf4j.simpleLogger.defaultLogLevel=debug, env.HOMEPATH=\Users\mgainty, os.arch=amd64, env.LIFERAY.PORTAL=C:\StarTeam\trunk\DEVELO~1\server\LIFERA~1.20-, maven.build.version=Apache Maven 3.2.5 (12a6b3acb947671f09b81f49094c53f426d8cea1; 2014-12-14T12:29:23-05:00), env.FLEXLIB=C:\flex\FLEXSD~1.10\frameworks, env.SESSIONNAME=Console, env.WINDOWS_TRACING_FLAGS=3, sun.java.launcher=SUN_STANDARD, env.DB_UNIQUE_NAME=SEEDDATA, env.JAVA8_HOME=C:\Java\jdk1.8, java.vm.specification.vendor=Oracle Corporation, file.separator=\, java.runtime.version=1.8.0_40-b26, sun.boot.class.path=C:\Java\jdk1.8\jre\lib\resources.jar;C:\Java\jdk1.8\jre\lib\rt.jar;C:\Java\jdk1.8\jre\lib\sunrsasign.jar;C:\Java\jdk1.8\jre\lib\jsse.jar;C:\Java\jdk1.8\jre\lib\jce.jar;C:\Java\jdk1.8\jre\lib\charsets.jar;C:\Java\jdk1.8\jre\lib\jfr.jar;C:\Java\jdk1.8\jre\classes, maven.version=3.2.5, env.TEMP=C:\Users\mgainty\AppData\Local\Temp, env.ANT_HOME=C:\Ant\APACHE~1.2, user.country=US, maven.home=C:\maven\maven325, env.PYTHON_HOME=C:\PYTHON\3.4, java.vendor=Oracle Corporation, env.CLASSWORLDS_JAR="C:\maven\maven325\boot\plexus-classworlds-2.5.2.jar", env.GRADLE_HOME=C:\gradle-1.12\gradle-2.3, env.CATALINA_HOME=C:\Tomcat\apache-tomcat-8.0.23, java.specification.version=1.8, sun.arch.data.model=64}
[INFO] Using 'UTF-8' encoding to copy filtered resources.
[DEBUG] resource with targetPath null
directory C:\Maven-plugin\jsch\src\main\resources
excludes []
includes []
[INFO] skip non existing resourceDirectory C:\Maven-plugin\jsch\src\main\resources
[DEBUG] no use filter components
[INFO] 
[INFO] --- maven-compiler-plugin:3.1:compile (default-compile) @ jsch ---
[DEBUG] Dependency collection stats: {ConflictMarker.analyzeTime=2, ConflictMarker.markTime=0, ConflictMarker.nodeCount=201, ConflictIdSorter.graphTime=1, ConflictIdSorter.topsortTime=0, ConflictIdSorter.conflictIdCount=59, ConflictIdSorter.conflictIdCycleCount=0, ConflictResolver.totalTime=5, ConflictResolver.conflictItemCount=87, DefaultDependencyCollector.collectTime=487, DefaultDependencyCollector.transformTime=8}
[DEBUG] org.apache.maven.plugins:maven-compiler-plugin:jar:3.1:
[DEBUG]    org.codehaus.plexus:plexus-utils:jar:3.0.20:compile
[DEBUG]    org.apache.maven:maven-plugin-api:jar:2.0.9:compile
[DEBUG]    org.apache.maven:maven-artifact:jar:2.0.9:compile
[DEBUG]    org.apache.maven:maven-core:jar:3.2.5:compile
[DEBUG]       org.apache.maven:maven-model:jar:3.2.5:compile
[DEBUG]       org.apache.maven:maven-settings:jar:3.2.5:compile
[DEBUG]       org.apache.maven:maven-settings-builder:jar:3.2.5:compile
[DEBUG]       org.apache.maven:maven-repository-metadata:jar:3.2.5:compile
[DEBUG]       org.apache.maven:maven-model-builder:jar:3.2.5:compile
[DEBUG]       org.apache.maven:maven-aether-provider:jar:3.2.5:compile
[DEBUG]          org.eclipse.aether:aether-spi:jar:1.0.0.v20140518:compile
[DEBUG]       org.eclipse.aether:aether-impl:jar:1.0.0.v20140518:compile
[DEBUG]       org.eclipse.aether:aether-api:jar:1.0.0.v20140518:compile
[DEBUG]       org.eclipse.aether:aether-util:jar:1.0.0.v20140518:compile
[DEBUG]       org.eclipse.sisu:org.eclipse.sisu.plexus:jar:0.3.0.M1:compile
[DEBUG]          javax.enterprise:cdi-api:jar:1.0:compile
[DEBUG]             javax.annotation:jsr250-api:jar:1.0:compile
[DEBUG]          org.eclipse.sisu:org.eclipse.sisu.inject:jar:0.3.0.M1:compile
[DEBUG]       org.sonatype.sisu:sisu-guice:jar:no_aop:3.2.3:compile
[DEBUG]          javax.inject:javax.inject:jar:1:compile
[DEBUG]          aopalliance:aopalliance:jar:1.0:compile
[DEBUG]          com.google.guava:guava:jar:16.0.1:compile
[DEBUG]       org.codehaus.plexus:plexus-interpolation:jar:1.21:compile
[DEBUG]       org.codehaus.plexus:plexus-classworlds:jar:2.5.2:compile
[DEBUG]       org.codehaus.plexus:plexus-component-annotations:jar:1.5.5:compile
[DEBUG]       org.sonatype.plexus:plexus-sec-dispatcher:jar:1.3:compile
[DEBUG]          org.sonatype.plexus:plexus-cipher:jar:1.4:compile
[DEBUG]    org.apache.maven:maven-toolchain:jar:1.0:compile
[DEBUG]    org.apache.maven.shared:maven-shared-utils:jar:0.1:compile
[DEBUG]       com.google.code.findbugs:jsr305:jar:2.0.1:compile
[DEBUG]    org.apache.maven.shared:maven-shared-incremental:jar:1.1:compile
[DEBUG]    org.codehaus.plexus:plexus-compiler-api:jar:2.2:compile
[DEBUG]    org.codehaus.plexus:plexus-compiler-manager:jar:2.2:compile
[DEBUG]    org.codehaus.plexus:plexus-compiler-javac:jar:2.2:runtime
[DEBUG]    org.codehaus.plexus:plexus-container-default:jar:1.5.5:compile
[DEBUG]       org.apache.xbean:xbean-reflect:jar:3.4:compile
[DEBUG]          log4j:log4j:jar:1.2.12:compile
[DEBUG]          commons-logging:commons-logging-api:jar:1.1:compile
[DEBUG]       com.google.collections:google-collections:jar:1.0:compile
[DEBUG]       junit:junit:jar:3.8.2:compile
[DEBUG] Created new class realm plugin>org.apache.maven.plugins:maven-compiler-plugin:3.1
[DEBUG] Importing foreign packages into class realm plugin>org.apache.maven.plugins:maven-compiler-plugin:3.1
[DEBUG]   Imported:  < project>com.jcraft:jsch:0.1.53
[DEBUG] Populating class realm plugin>org.apache.maven.plugins:maven-compiler-plugin:3.1
[DEBUG]   Included: org.apache.maven.plugins:maven-compiler-plugin:jar:3.1
[DEBUG]   Included: org.codehaus.plexus:plexus-utils:jar:3.0.20
[DEBUG]   Included: org.eclipse.aether:aether-util:jar:1.0.0.v20140518
[DEBUG]   Included: javax.enterprise:cdi-api:jar:1.0
[DEBUG]   Included: javax.annotation:jsr250-api:jar:1.0
[DEBUG]   Included: org.eclipse.sisu:org.eclipse.sisu.inject:jar:0.3.0.M1
[DEBUG]   Included: org.sonatype.sisu:sisu-guice:jar:no_aop:3.2.3
[DEBUG]   Included: javax.inject:javax.inject:jar:1
[DEBUG]   Included: aopalliance:aopalliance:jar:1.0
[DEBUG]   Included: com.google.guava:guava:jar:16.0.1
[DEBUG]   Included: org.codehaus.plexus:plexus-interpolation:jar:1.21
[DEBUG]   Included: org.codehaus.plexus:plexus-component-annotations:jar:1.5.5
[DEBUG]   Included: org.sonatype.plexus:plexus-sec-dispatcher:jar:1.3
[DEBUG]   Included: org.sonatype.plexus:plexus-cipher:jar:1.4
[DEBUG]   Included: org.apache.maven.shared:maven-shared-utils:jar:0.1
[DEBUG]   Included: com.google.code.findbugs:jsr305:jar:2.0.1
[DEBUG]   Included: org.apache.maven.shared:maven-shared-incremental:jar:1.1
[DEBUG]   Included: org.codehaus.plexus:plexus-compiler-api:jar:2.2
[DEBUG]   Included: org.codehaus.plexus:plexus-compiler-manager:jar:2.2
[DEBUG]   Included: org.codehaus.plexus:plexus-compiler-javac:jar:2.2
[DEBUG]   Included: org.apache.xbean:xbean-reflect:jar:3.4
[DEBUG]   Included: log4j:log4j:jar:1.2.12
[DEBUG]   Included: commons-logging:commons-logging-api:jar:1.1
[DEBUG]   Included: com.google.collections:google-collections:jar:1.0
[DEBUG]   Included: junit:junit:jar:3.8.2
[DEBUG]   Excluded: org.apache.maven:maven-plugin-api:jar:2.0.9
[DEBUG]   Excluded: org.apache.maven:maven-artifact:jar:2.0.9
[DEBUG]   Excluded: org.apache.maven:maven-core:jar:3.2.5
[DEBUG]   Excluded: org.apache.maven:maven-model:jar:3.2.5
[DEBUG]   Excluded: org.apache.maven:maven-settings:jar:3.2.5
[DEBUG]   Excluded: org.apache.maven:maven-settings-builder:jar:3.2.5
[DEBUG]   Excluded: org.apache.maven:maven-repository-metadata:jar:3.2.5
[DEBUG]   Excluded: org.apache.maven:maven-model-builder:jar:3.2.5
[DEBUG]   Excluded: org.apache.maven:maven-aether-provider:jar:3.2.5
[DEBUG]   Excluded: org.eclipse.aether:aether-spi:jar:1.0.0.v20140518
[DEBUG]   Excluded: org.eclipse.aether:aether-impl:jar:1.0.0.v20140518
[DEBUG]   Excluded: org.eclipse.aether:aether-api:jar:1.0.0.v20140518
[DEBUG]   Excluded: org.eclipse.sisu:org.eclipse.sisu.plexus:jar:0.3.0.M1
[DEBUG]   Excluded: org.codehaus.plexus:plexus-classworlds:jar:2.5.2
[DEBUG]   Excluded: org.apache.maven:maven-toolchain:jar:1.0
[DEBUG]   Excluded: org.codehaus.plexus:plexus-container-default:jar:1.5.5
[DEBUG] Configuring mojo org.apache.maven.plugins:maven-compiler-plugin:3.1:compile from plugin realm ClassRealm[plugin>org.apache.maven.plugins:maven-compiler-plugin:3.1, parent: sun.misc.Launcher$AppClassLoader@5c647e05]
[DEBUG] Configuring mojo 'org.apache.maven.plugins:maven-compiler-plugin:3.1:compile' with basic configurator -->
[DEBUG]   (f) basedir = C:\Maven-plugin\jsch
[DEBUG]   (f) buildDirectory = C:\Maven-plugin\jsch\target
[DEBUG]   (f) classpathElements = [C:\Maven-plugin\jsch\target\classes, C:\Users\mgainty\.m2\repository\org\apache\maven\plugin-tools\maven-plugin-annotations\3.2\maven-plugin-annotations-3.2.jar, C:\Users\mgainty\.m2\repository\org\apache\maven\maven-artifact\3.0\maven-artifact-3.0.jar, C:\Users\mgainty\.m2\repository\org\codehaus\plexus\plexus-utils\2.0.4\plexus-utils-2.0.4.jar, C:\Users\mgainty\.m2\repository\com\jcraft\jzlib\1.0.7\jzlib-1.0.7.jar]
[DEBUG]   (f) compileSourceRoots = [C:\Maven-plugin\jsch\src\main\java]
[DEBUG]   (f) compilerId = javac
[DEBUG]   (f) debug = true
[DEBUG]   (f) encoding = UTF-8
[DEBUG]   (f) failOnError = true
[DEBUG]   (f) forceJavacCompilerUse = false
[DEBUG]   (f) fork = false
[DEBUG]   (f) generatedSourcesDirectory = C:\Maven-plugin\jsch\target\generated-sources\annotations
[DEBUG]   (f) mojoExecution = org.apache.maven.plugins:maven-compiler-plugin:3.1:compile {execution: default-compile}
[DEBUG]   (f) optimize = false
[DEBUG]   (f) outputDirectory = C:\Maven-plugin\jsch\target\classes
[DEBUG]   (f) projectArtifact = com.jcraft:jsch:jar:0.1.53
[DEBUG]   (f) showDeprecation = false
[DEBUG]   (f) showWarnings = false
[DEBUG]   (f) skipMultiThreadWarning = false
[DEBUG]   (f) source = 1.5
[DEBUG]   (f) staleMillis = 0
[DEBUG]   (f) target = 1.5
[DEBUG]   (f) useIncrementalCompilation = true
[DEBUG]   (f) verbose = false
[DEBUG]   (f) mavenSession = org.apache.maven.execution.MavenSession@475835b1
[DEBUG]   (f) session = org.apache.maven.execution.MavenSession@475835b1
[DEBUG] -- end configuration --
[DEBUG] Using compiler 'javac'.
[DEBUG] Source directories: [C:\Maven-plugin\jsch\src\main\java]
[DEBUG] Classpath: [C:\Maven-plugin\jsch\target\classes
 C:\Users\mgainty\.m2\repository\org\apache\maven\plugin-tools\maven-plugin-annotations\3.2\maven-plugin-annotations-3.2.jar
 C:\Users\mgainty\.m2\repository\org\apache\maven\maven-artifact\3.0\maven-artifact-3.0.jar
 C:\Users\mgainty\.m2\repository\org\codehaus\plexus\plexus-utils\2.0.4\plexus-utils-2.0.4.jar
 C:\Users\mgainty\.m2\repository\com\jcraft\jzlib\1.0.7\jzlib-1.0.7.jar]
[DEBUG] Output directory: C:\Maven-plugin\jsch\target\classes
[DEBUG] CompilerReuseStrategy: reuseCreated
[DEBUG] useIncrementalCompilation enabled
[DEBUG] Stale source detected: C:\Maven-plugin\jsch\src\main\java\com\jcraft\jsch\SocketFactory.java
[DEBUG] Stale source detected: C:\Maven-plugin\jsch\src\main\java\com\jcraft\jsch\RequestX11.java
[DEBUG] Stale source detected: C:\Maven-plugin\jsch\src\main\java\com\jcraft\jsch\Buffer.java
[DEBUG] Stale source detected: C:\Maven-plugin\jsch\src\main\java\com\jcraft\jsch\jce\TripleDESCTR.java
[DEBUG] Stale source detected: C:\Maven-plugin\jsch\src\main\java\com\jcraft\jsch\KeyPairDSA.java
[DEBUG] Stale source detected: C:\Maven-plugin\jsch\src\main\java\com\jcraft\jsch\KeyPairECDSA.java
[DEBUG] Stale source detected: C:\Maven-plugin\jsch\src\main\java\com\jcraft\jsch\jce\SignatureRSA.java
[DEBUG] Stale source detected: C:\Maven-plugin\jsch\src\main\java\com\jcraft\jsch\HostKeyRepository.java
[DEBUG] Stale source detected: C:\Maven-plugin\jsch\src\main\java\com\jcraft\jsch\ForwardedTCPIPDaemon.java
[DEBUG] Stale source detected: C:\Maven-plugin\jsch\src\main\java\com\jcraft\jsch\Packet.java
[DEBUG] Stale source detected: C:\Maven-plugin\jsch\src\main\java\com\jcraft\jsch\Random.java
[DEBUG] Stale source detected: C:\Maven-plugin\jsch\src\main\java\com\jcraft\jsch\jce\SHA1.java
[DEBUG] Stale source detected: C:\Maven-plugin\jsch\src\main\java\com\jcraft\jsch\HostKey.java
[DEBUG] Stale source detected: C:\Maven-plugin\jsch\src\main\java\com\jcraft\jsch\HASH.java
[DEBUG] Stale source detected: C:\Maven-plugin\jsch\src\main\java\com\jcraft\jsch\jgss\GSSContextKrb5.java
[DEBUG] Stale source detected: C:\Maven-plugin\jsch\src\main\java\com\jcraft\jsch\MAC.java
[DEBUG] Stale source detected: C:\Maven-plugin\jsch\src\main\java\com\jcraft\jsch\ChannelX11.java
[DEBUG] Stale source detected: C:\Maven-plugin\jsch\src\main\java\com\jcraft\jsch\Identity.java
[DEBUG] Stale source detected: C:\Maven-plugin\jsch\src\main\java\com\jcraft\jsch\DHGEX256.java
[DEBUG] Stale source detected: C:\Maven-plugin\jsch\src\main\java\com\jcraft\jsch\jce\HMACSHA256.java
[DEBUG] Stale source detected: C:\Maven-plugin\jsch\src\main\java\com\jcraft\jsch\jce\SHA384.java
[DEBUG] Stale source detected: C:\Maven-plugin\jsch\src\main\java\com\jcraft\jsch\jce\SignatureDSA.java
[DEBUG] Stale source detected: C:\Maven-plugin\jsch\src\main\java\com\jcraft\jsch\jce\ECDH256.java
[DEBUG] Stale source detected: C:\Maven-plugin\jsch\src\main\java\com\jcraft\jsch\jcraft\HMAC.java
[DEBUG] Stale source detected: C:\Maven-plugin\jsch\src\main\java\com\jcraft\jsch\jce\SHA256.java
[DEBUG] Stale source detected: C:\Maven-plugin\jsch\src\main\java\com\jcraft\jsch\ChannelForwardedTCPIP.java
[DEBUG] Stale source detected: C:\Maven-plugin\jsch\src\main\java\com\jcraft\jsch\ChannelDirectTCPIP.java
[DEBUG] Stale source detected: C:\Maven-plugin\jsch\src\main\java\com\jcraft\jsch\GSSContext.java
[DEBUG] Stale source detected: C:\Maven-plugin\jsch\src\main\java\com\jcraft\jsch\IdentityRepository.java
[DEBUG] Stale source detected: C:\Maven-plugin\jsch\src\main\java\com\jcraft\jsch\jce\AES192CTR.java
[DEBUG] Stale source detected: C:\Maven-plugin\jsch\src\main\java\com\jcraft\jsch\IdentityFile.java
[DEBUG] Stale source detected: C:\Maven-plugin\jsch\src\main\java\com\jcraft\jsch\UserInfo.java
[DEBUG] Stale source detected: C:\Maven-plugin\jsch\src\main\java\com\jcraft\jsch\ChannelExec.java
[DEBUG] Stale source detected: C:\Maven-plugin\jsch\src\main\java\com\jcraft\jsch\CipherNone.java
[DEBUG] Stale source detected: C:\Maven-plugin\jsch\src\main\java\com\jcraft\jsch\RequestSignal.java
[DEBUG] Stale source detected: C:\Maven-plugin\jsch\src\main\java\com\jcraft\jsch\DHEC256.java
[DEBUG] Stale source detected: C:\Maven-plugin\jsch\src\main\java\com\jcraft\jsch\jce\AES256CBC.java
[DEBUG] Stale source detected: C:\Maven-plugin\jsch\src\main\java\com\jcraft\jsch\jcraft\HMACMD596.java
[DEBUG] Stale source detected: C:\Maven-plugin\jsch\src\main\java\com\jcraft\jsch\jce\HMACSHA512.java
[DEBUG] Stale source detected: C:\Maven-plugin\jsch\src\main\java\com\jcraft\jsch\RequestExec.java
[DEBUG] Stale source detected: C:\Maven-plugin\jsch\src\main\java\com\jcraft\jsch\UserAuthPublicKey.java
[DEBUG] Stale source detected: C:\Maven-plugin\jsch\src\main\java\com\jcraft\jsch\DHECN.java
[DEBUG] Stale source detected: C:\Maven-plugin\jsch\src\main\java\com\jcraft\jsch\UserAuth.java
[DEBUG] Stale source detected: C:\Maven-plugin\jsch\src\main\java\com\jcraft\jsch\jce\ECDHN.java
[DEBUG] Stale source detected: C:\Maven-plugin\jsch\src\main\java\com\jcraft\jsch\UserAuthKeyboardInteractive.java
[DEBUG] Stale source detected: C:\Maven-plugin\jsch\src\main\java\com\jcraft\jsch\ChannelShell.java
[DEBUG] Stale source detected: C:\Maven-plugin\jsch\src\main\java\com\jcraft\jsch\KeyPairRSA.java
[DEBUG] Stale source detected: C:\Maven-plugin\jsch\src\main\java\com\jcraft\jsch\KeyPair.java
[DEBUG] Stale source detected: C:\Maven-plugin\jsch\src\main\java\com\jcraft\jsch\DHEC521.java
[DEBUG] Stale source detected: C:\Maven-plugin\jsch\src\main\java\com\jcraft\jsch\jce\HMACSHA1.java
[DEBUG] Stale source detected: C:\Maven-plugin\jsch\src\main\java\com\jcraft\jsch\jce\AES192CBC.java
[DEBUG] Stale source detected: C:\Maven-plugin\jsch\src\main\java\com\jcraft\jsch\jce\ARCFOUR.java
[DEBUG] Stale source detected: C:\Maven-plugin\jsch\src\main\java\com\jcraft\jsch\jce\ARCFOUR256.java
[DEBUG] Stale source detected: C:\Maven-plugin\jsch\src\main\java\com\jcraft\jsch\JSch.java
[DEBUG] Stale source detected: C:\Maven-plugin\jsch\src\main\java\com\jcraft\jsch\jce\HMAC.java
[DEBUG] Stale source detected: C:\Maven-plugin\jsch\src\main\java\com\jcraft\jsch\jce\DH.java
[DEBUG] Stale source detected: C:\Maven-plugin\jsch\src\main\java\com\jcraft\jsch\jce\KeyPairGenRSA.java
[DEBUG] Stale source detected: C:\Maven-plugin\jsch\src\main\java\com\jcraft\jsch\UserAuthGSSAPIWithMIC.java
[DEBUG] Stale source detected: C:\Maven-plugin\jsch\src\main\java\com\jcraft\jsch\jce\BlowfishCBC.java
[DEBUG] Stale source detected: C:\Maven-plugin\jsch\src\main\java\com\jcraft\jsch\ProxyHTTP.java
[DEBUG] Stale source detected: C:\Maven-plugin\jsch\src\main\java\com\jcraft\jsch\DHG14.java
[DEBUG] Stale source detected: C:\Maven-plugin\jsch\src\main\java\com\jcraft\jsch\jce\TripleDESCBC.java
[DEBUG] Stale source detected: C:\Maven-plugin\jsch\src\main\java\com\jcraft\jsch\KeyPairGenDSA.java
[DEBUG] Stale source detected: C:\Maven-plugin\jsch\src\main\java\com\jcraft\jsch\LocalIdentityRepository.java
[DEBUG] Stale source detected: C:\Maven-plugin\jsch\src\main\java\com\jcraft\jsch\jce\HMACMD596.java
[DEBUG] Stale source detected: C:\Maven-plugin\jsch\src\main\java\com\jcraft\jsch\ChannelAgentForwarding.java
[DEBUG] Stale source detected: C:\Maven-plugin\jsch\src\main\java\com\jcraft\jsch\jce\ECDH521.java
[DEBUG] Stale source detected: C:\Maven-plugin\jsch\src\main\java\com\jcraft\jsch\UIKeyboardInteractive.java
[DEBUG] Stale source detected: C:\Maven-plugin\jsch\src\main\java\com\jcraft\jsch\DHGEX.java
[DEBUG] Stale source detected: C:\Maven-plugin\jsch\src\main\java\com\jcraft\jsch\IO.java
[DEBUG] Stale source detected: C:\Maven-plugin\jsch\src\main\java\com\jcraft\jsch\SftpProgressMonitor.java
[DEBUG] Stale source detected: C:\Maven-plugin\jsch\src\main\java\com\jcraft\jsch\KeyExchange.java
[DEBUG] Stale source detected: C:\Maven-plugin\jsch\src\main\java\com\jcraft\jsch\SignatureRSA.java
[DEBUG] Stale source detected: C:\Maven-plugin\jsch\src\main\java\com\jcraft\jsch\Util.java
[DEBUG] Stale source detected: C:\Maven-plugin\jsch\src\main\java\com\jcraft\jsch\jce\AES128CBC.java
[DEBUG] Stale source detected: C:\Maven-plugin\jsch\src\main\java\com\jcraft\jsch\jce\AES256CTR.java
[DEBUG] Stale source detected: C:\Maven-plugin\jsch\src\main\java\com\jcraft\jsch\jcraft\HMACMD5.java
[DEBUG] Stale source detected: C:\Maven-plugin\jsch\src\main\java\com\jcraft\jsch\Proxy.java
[DEBUG] Stale source detected: C:\Maven-plugin\jsch\src\main\java\com\jcraft\jsch\KnownHosts.java
[DEBUG] Stale source detected: C:\Maven-plugin\jsch\src\main\java\com\jcraft\jsch\UserAuthNone.java
[DEBUG] Stale source detected: C:\Maven-plugin\jsch\src\main\java\com\jcraft\jsch\KeyPairPKCS8.java
[DEBUG] Stale source detected: C:\Maven-plugin\jsch\src\main\java\com\jcraft\jsch\RequestPtyReq.java
[DEBUG] Stale source detected: C:\Maven-plugin\jsch\src\main\java\com\jcraft\jsch\RequestWindowChange.java
[DEBUG] Stale source detected: C:\Maven-plugin\jsch\src\main\java\com\jcraft\jsch\ServerSocketFactory.java
[DEBUG] Stale source detected: C:\Maven-plugin\jsch\src\main\java\com\jcraft\jsch\ECDH.java
[DEBUG] Stale source detected: C:\Maven-plugin\jsch\src\main\java\com\jcraft\jsch\KeyPairGenECDSA.java
[DEBUG] Stale source detected: C:\Maven-plugin\jsch\src\main\java\com\jcraft\jsch\SignatureECDSA.java
[DEBUG] Stale source detected: C:\Maven-plugin\jsch\src\main\java\com\jcraft\jsch\SignatureDSA.java
[DEBUG] Stale source detected: C:\Maven-plugin\jsch\src\main\java\com\jcraft\jsch\ChannelSftp.java
[DEBUG] Stale source detected: C:\Maven-plugin\jsch\src\main\java\com\jcraft\jsch\DHG1.java
[DEBUG] Stale source detected: C:\Maven-plugin\jsch\src\main\java\com\jcraft\jsch\jcraft\Compression.java
[DEBUG] Stale source detected: C:\Maven-plugin\jsch\src\main\java\com\jcraft\jsch\Channel.java
[DEBUG] Stale source detected: C:\Maven-plugin\jsch\src\main\java\com\jcraft\jsch\JSchAuthCancelException.java
[DEBUG] Stale source detected: C:\Maven-plugin\jsch\src\main\java\com\jcraft\jsch\OpenSSHConfig.java
[DEBUG] Stale source detected: C:\Maven-plugin\jsch\src\main\java\com\jcraft\jsch\ProxySOCKS4.java
[DEBUG] Stale source detected: C:\Maven-plugin\jsch\src\main\java\com\jcraft\jsch\jce\ECDH384.java
[DEBUG] Stale source detected: C:\Maven-plugin\jsch\src\main\java\com\jcraft\jsch\RequestShell.java
[DEBUG] Stale source detected: C:\Maven-plugin\jsch\src\main\java\com\jcraft\jsch\jce\PBKDF.java
[DEBUG] Stale source detected: C:\Maven-plugin\jsch\src\main\java\com\jcraft\jsch\Request.java
[DEBUG] Stale source detected: C:\Maven-plugin\jsch\src\main\java\com\jcraft\jsch\RequestSftp.java
[DEBUG] Stale source detected: C:\Maven-plugin\jsch\src\main\java\com\jcraft\jsch\jce\KeyPairGenECDSA.java
[DEBUG] Stale source detected: C:\Maven-plugin\jsch\src\main\java\com\jcraft\jsch\SftpStatVFS.java
[DEBUG] Stale source detected: C:\Maven-plugin\jsch\src\main\java\com\jcraft\jsch\jce\Random.java
[DEBUG] Stale source detected: C:\Maven-plugin\jsch\src\main\java\com\jcraft\jsch\jcraft\HMACSHA1.java
[DEBUG] Stale source detected: C:\Maven-plugin\jsch\src\main\java\com\jcraft\jsch\PBKDF.java
[DEBUG] Stale source detected: C:\Maven-plugin\jsch\src\main\java\com\jcraft\jsch\Cipher.java
[DEBUG] Stale source detected: C:\Maven-plugin\jsch\src\main\java\com\jcraft\jsch\jcraft\HMACSHA196.java
[DEBUG] Stale source detected: C:\Maven-plugin\jsch\src\main\java\com\jcraft\jsch\Signature.java
[DEBUG] Stale source detected: C:\Maven-plugin\jsch\src\main\java\com\jcraft\jsch\jce\MD5.java
[DEBUG] Stale source detected: C:\Maven-plugin\jsch\src\main\java\com\jcraft\jsch\jce\HMACSHA196.java
[DEBUG] Stale source detected: C:\Maven-plugin\jsch\src\main\java\com\jcraft\jsch\SftpException.java
[DEBUG] Stale source detected: C:\Maven-plugin\jsch\src\main\java\com\jcraft\jsch\jce\SHA512.java
[DEBUG] Stale source detected: C:\Maven-plugin\jsch\src\main\java\com\jcraft\jsch\ChannelSession.java
[DEBUG] Stale source detected: C:\Maven-plugin\jsch\src\main\java\com\jcraft\jsch\JSchException.java
[DEBUG] Stale source detected: C:\Maven-plugin\jsch\src\main\java\com\jcraft\jsch\UserAuthPassword.java
[DEBUG] Stale source detected: C:\Maven-plugin\jsch\src\main\java\com\jcraft\jsch\ChannelSubsystem.java
[DEBUG] Stale source detected: C:\Maven-plugin\jsch\src\main\java\com\jcraft\jsch\RequestSubsystem.java
[DEBUG] Stale source detected: C:\Maven-plugin\jsch\src\main\java\com\jcraft\jsch\Compression.java
[DEBUG] Stale source detected: C:\Maven-plugin\jsch\src\main\java\com\jcraft\jsch\ConfigRepository.java
[DEBUG] Stale source detected: C:\Maven-plugin\jsch\src\main\java\com\jcraft\jsch\jce\ARCFOUR128.java
[DEBUG] Stale source detected: C:\Maven-plugin\jsch\src\main\java\com\jcraft\jsch\RequestAgentForwarding.java
[DEBUG] Stale source detected: C:\Maven-plugin\jsch\src\main\java\com\jcraft\jsch\jce\HMACMD5.java
[DEBUG] Stale source detected: C:\Maven-plugin\jsch\src\main\java\com\jcraft\jsch\ProxySOCKS5.java
[DEBUG] Stale source detected: C:\Maven-plugin\jsch\src\main\java\com\jcraft\jsch\jce\KeyPairGenDSA.java
[DEBUG] Stale source detected: C:\Maven-plugin\jsch\src\main\java\com\jcraft\jsch\Logger.java
[DEBUG] Stale source detected: C:\Maven-plugin\jsch\src\main\java\com\jcraft\jsch\Session.java
[DEBUG] Stale source detected: C:\Maven-plugin\jsch\src\main\java\com\jcraft\jsch\PortWatcher.java
[DEBUG] Stale source detected: C:\Maven-plugin\jsch\src\main\java\com\jcraft\jsch\SftpATTRS.java
[DEBUG] Stale source detected: C:\Maven-plugin\jsch\src\main\java\com\jcraft\jsch\DH.java
[DEBUG] Stale source detected: C:\Maven-plugin\jsch\src\main\java\com\jcraft\jsch\jce\SignatureECDSA.java
[DEBUG] Stale source detected: C:\Maven-plugin\jsch\src\main\java\com\jcraft\jsch\RequestEnv.java
[DEBUG] Stale source detected: C:\Maven-plugin\jsch\src\main\java\com\jcraft\jsch\DHEC384.java
[DEBUG] Stale source detected: C:\Maven-plugin\jsch\src\main\java\com\jcraft\jsch\jce\AES128CTR.java
[DEBUG] Stale source detected: C:\Maven-plugin\jsch\src\main\java\com\jcraft\jsch\KeyPairGenRSA.java
[DEBUG] Stale source detected: C:\Maven-plugin\jsch\src\main\java\com\jcraft\jsch\JSchPartialAuthException.java
[INFO] Changes detected - recompiling the module!
[DEBUG] Classpath:
[DEBUG]  C:\Maven-plugin\jsch\target\classes
[DEBUG]  C:\Users\mgainty\.m2\repository\org\apache\maven\plugin-tools\maven-plugin-annotations\3.2\maven-plugin-annotations-3.2.jar
[DEBUG]  C:\Users\mgainty\.m2\repository\org\apache\maven\maven-artifact\3.0\maven-artifact-3.0.jar
[DEBUG]  C:\Users\mgainty\.m2\repository\org\codehaus\plexus\plexus-utils\2.0.4\plexus-utils-2.0.4.jar
[DEBUG]  C:\Users\mgainty\.m2\repository\com\jcraft\jzlib\1.0.7\jzlib-1.0.7.jar
[DEBUG] Source roots:
[DEBUG]  C:\Maven-plugin\jsch\src\main\java
[DEBUG] Command line options:
[DEBUG] -d C:\Maven-plugin\jsch\target\classes -classpath C:\Maven-plugin\jsch\target\classes;C:\Users\mgainty\.m2\repository\org\apache\maven\plugin-tools\maven-plugin-annotations\3.2\maven-plugin-annotations-3.2.jar;C:\Users\mgainty\.m2\repository\org\apache\maven\maven-artifact\3.0\maven-artifact-3.0.jar;C:\Users\mgainty\.m2\repository\org\codehaus\plexus\plexus-utils\2.0.4\plexus-utils-2.0.4.jar;C:\Users\mgainty\.m2\repository\com\jcraft\jzlib\1.0.7\jzlib-1.0.7.jar; -sourcepath C:\Maven-plugin\jsch\src\main\java; -g -nowarn -target 1.5 -source 1.5 -encoding UTF-8
[DEBUG] incrementalBuildHelper#beforeRebuildExecution
[INFO] Compiling 135 source files to C:\Maven-plugin\jsch\target\classes
[DEBUG] incrementalBuildHelper#afterRebuildExecution
[WARNING] /C:/Maven-plugin/jsch/src/main/java/com/jcraft/jsch/Session.java: Some input files use unchecked or unsafe operations.
[WARNING] /C:/Maven-plugin/jsch/src/main/java/com/jcraft/jsch/Session.java: Recompile with -Xlint:unchecked for details.
[INFO] ------------------------------------------------------------------------
[INFO] BUILD SUCCESS
[INFO] ------------------------------------------------------------------------
[INFO] Total time: 11.520 s
[INFO] Finished at: 2016-07-25T19:21:12-04:00
[INFO] Final Memory: 23M/230M
[INFO] ------------------------------------------------------------------------
